<?xml version="1.0" encoding="UTF-8"?>
<testng-results skipped="0" failed="0" total="2" passed="2">
  <reporter-output>
  </reporter-output>
  <suite name="Generatelogs.Generatelogs.LoginTest" duration-ms="19696" started-at="2018-01-10T11:39:37Z" finished-at="2018-01-10T11:39:57Z">
    <groups>
    </groups>
    <test name="Command line test" duration-ms="19696" started-at="2018-01-10T11:39:37Z" finished-at="2018-01-10T11:39:57Z">
      <class name="Generatelogs.Generatelogs.LoginTest">
        <test-method status="PASS" signature="setUp()[pri:0, instance:Generatelogs.Generatelogs.LoginTest@edf4efb]" name="setUp" is-config="true" duration-ms="9070" started-at="2018-01-10T12:39:37Z" finished-at="2018-01-10T12:39:46Z">
          <reporter-output>
          </reporter-output>
        </test-method> <!-- setUp -->
        <test-method status="PASS" signature="validateCRMImage()[pri:0, instance:Generatelogs.Generatelogs.LoginTest@edf4efb]" name="validateCRMImage" duration-ms="455" started-at="2018-01-10T12:39:46Z" finished-at="2018-01-10T12:39:47Z">
          <reporter-output>
          </reporter-output>
        </test-method> <!-- validateCRMImage -->
        <test-method status="PASS" signature="tearDown()[pri:0, instance:Generatelogs.Generatelogs.LoginTest@edf4efb]" name="tearDown" is-config="true" duration-ms="841" started-at="2018-01-10T12:39:47Z" finished-at="2018-01-10T12:39:48Z">
          <reporter-output>
          </reporter-output>
        </test-method> <!-- tearDown -->
        <test-method status="PASS" signature="setUp()[pri:0, instance:Generatelogs.Generatelogs.LoginTest@edf4efb]" name="setUp" is-config="true" duration-ms="8411" started-at="2018-01-10T12:39:48Z" finished-at="2018-01-10T12:39:56Z">
          <reporter-output>
          </reporter-output>
        </test-method> <!-- setUp -->
        <test-method status="PASS" signature="validateLoginPageTitle()[pri:0, instance:Generatelogs.Generatelogs.LoginTest@edf4efb]" name="validateLoginPageTitle" duration-ms="65" started-at="2018-01-10T12:39:56Z" finished-at="2018-01-10T12:39:56Z">
          <reporter-output>
          </reporter-output>
        </test-method> <!-- validateLoginPageTitle -->
        <test-method status="PASS" signature="tearDown()[pri:0, instance:Generatelogs.Generatelogs.LoginTest@edf4efb]" name="tearDown" is-config="true" duration-ms="836" started-at="2018-01-10T12:39:56Z" finished-at="2018-01-10T12:39:57Z">
          <reporter-output>
          </reporter-output>
        </test-method> <!-- tearDown -->
      </class> <!-- Generatelogs.Generatelogs.LoginTest -->
    </test> <!-- Command line test -->
  </suite> <!-- Generatelogs.Generatelogs.LoginTest -->
</testng-results>
